<?xml version="1.0" encoding="UTF-8" standalone="no"?>
<project default="create_run_jar" name="Create Runnable Jar for Project LetsTalkServer">
	<!--this file was created by Eclipse Runnable JAR Export Wizard-->
	<!--ANT 1.7 is required                                        -->
	<target name="create_run_jar">
		<jar destfile="C:/Users/JS/Desktop/Test.jar" filesetmanifest="mergewithoutmain">
			<manifest>
				<attribute name="Main-Class" value="se.bth.swatkats.letstalk.server.junit.DatabaseTest" />
				<attribute name="Class-Path" value=". lib/ logs/" />
			</manifest>
			<fileset dir="C:/Users/JS/Documents/Uni/Master/Software Development for Telecommunication Systems/SWAT-Kats/src/LetsTalkServer/bin" />
			<zipfileset excludes="META-INF/*.SF" src="C:/Users/JS/Documents/Uni/Master/Software Development for Telecommunication Systems/SWAT-Kats/src/LetsTalkServer/lib/mysql-connector-java-5.1.35-bin.jar" />
			<zipfileset excludes="META-INF/*.SF" src="C:/Users/JS/Documents/Uni/Master/Software Development for Telecommunication Systems/SWAT-Kats/src/LetsTalkServer/lib/java-mail-1.4.jar" />
			<zipfileset excludes="META-INF/*.SF" src="C:/Users/JS/Documents/Uni/Master/Software Development for Telecommunication Systems/SWAT-Kats/src/LetsTalkServer/lib/mchange-commons-java-0.2.9.jar" />
			<zipfileset excludes="META-INF/*.SF" src="C:/Users/JS/Documents/Uni/Master/Software Development for Telecommunication Systems/SWAT-Kats/src/LetsTalkServer/lib/c3p0-0.9.5.jar" />
			<fileset dir="C:/Users/JS/Documents/Uni/Master/Software Development for Telecommunication Systems/SWAT-Kats/src/LetsTalk/bin" />
			<zipfileset excludes="META-INF/*.SF" src="C:/Users/JS/Documents/Uni/Master/Software Development for Telecommunication Systems/SWAT-Kats/src/LetsTalk/lib/activation.jar" />
			<zipfileset excludes="META-INF/*.SF" src="C:/Users/JS/Documents/Uni/Master/Software Development for Telecommunication Systems/SWAT-Kats/src/LetsTalk/lib/servlet-api.jar" />
			<zipfileset excludes="META-INF/*.SF" src="C:/Users/JS/Documents/Uni/Master/Software Development for Telecommunication Systems/SWAT-Kats/src/LetsTalk/lib/java-mail-1.4.jar" />
			<zipfileset excludes="META-INF/*.SF" src="C:/Users/JS/Documents/Uni/Master/Software Development for Telecommunication Systems/SWAT-Kats/src/LetsTalk/lib/jfreechart-1.0.19.jar" />
			<zipfileset excludes="META-INF/*.SF" src="C:/Users/JS/Documents/Uni/Master/Software Development for Telecommunication Systems/SWAT-Kats/src/LetsTalk/lib/jcommon-1.0.23.jar" />
			<zipfileset excludes="META-INF/*.SF" src="C:/Program Files/Eclipse/eclipse - luna/plugins/org.junit_4.11.0.v201303080030/junit.jar" />
			<zipfileset excludes="META-INF/*.SF" src="C:/Program Files/Eclipse/eclipse - luna/plugins/org.hamcrest.core_1.3.0.v201303031735.jar" />
		</jar>
		<mkdir dir="C:/Users/JS/Desktop/lib" />
		<mkdir dir="C:/Users/JS/Desktop/logs" />
		<copy file="C:/Users/JS/Documents/Uni/Master/Software Development for Telecommunication Systems/SWAT-Kats/src/LetsTalkServer/lib/server.properties" todir="C:/Users/JS/Desktop/lib" />
		<copy file="C:/Users/JS/Documents/Uni/Master/Software Development for Telecommunication Systems/SWAT-Kats/src/LetsTalk/lib/client.properties" todir="C:/Users/JS/Desktop/lib" />
		<copy file="C:/Users/JS/Documents/Uni/Master/Software Development for Telecommunication Systems/SWAT-Kats/src/LetsTalkServer/lib/db_init.sql" todir="C:/Users/JS/Desktop/lib" />
	</target>
</project>
